/home/setsuna/Documents/remote_bot_system/install/fishbot_description/lib/python3.8/site-packages/fishbot_description/rotate_wheel.py
/home/setsuna/Documents/remote_bot_system/install/fishbot_description/lib/python3.8/site-packages/fishbot_description/__init__.py
/home/setsuna/Documents/remote_bot_system/install/fishbot_description/lib/python3.8/site-packages/fishbot_description/state_sync.py
/home/setsuna/Documents/remote_bot_system/install/fishbot_description/lib/python3.8/site-packages/fishbot_description/__pycache__/rotate_wheel.cpython-38.pyc
/home/setsuna/Documents/remote_bot_system/install/fishbot_description/lib/python3.8/site-packages/fishbot_description/__pycache__/__init__.cpython-38.pyc
/home/setsuna/Documents/remote_bot_system/install/fishbot_description/lib/python3.8/site-packages/fishbot_description/__pycache__/state_sync.cpython-38.pyc
/home/setsuna/Documents/remote_bot_system/install/fishbot_description/share/ament_index/resource_index/packages/fishbot_description
/home/setsuna/Documents/remote_bot_system/install/fishbot_description/share/fishbot_description/package.xml
/home/setsuna/Documents/remote_bot_system/install/fishbot_description/share/fishbot_description/launch/mock_bot.launch.py
/home/setsuna/Documents/remote_bot_system/install/fishbot_description/share/fishbot_description/launch/gazebo.launch.py
/home/setsuna/Documents/remote_bot_system/install/fishbot_description/share/fishbot_description/launch/display_rviz2.launch.py
/home/setsuna/Documents/remote_bot_system/install/fishbot_description/share/fishbot_description/urdf/fishbot_gazebo.urdf
/home/setsuna/Documents/remote_bot_system/install/fishbot_description/share/fishbot_description/urdf/fishbot_base.urdf
/home/setsuna/Documents/remote_bot_system/install/fishbot_description/share/fishbot_description/world/test_site.world
/home/setsuna/Documents/remote_bot_system/install/fishbot_description/lib/python3.8/site-packages/fishbot_description-0.0.0-py3.8.egg-info/SOURCES.txt
/home/setsuna/Documents/remote_bot_system/install/fishbot_description/lib/python3.8/site-packages/fishbot_description-0.0.0-py3.8.egg-info/zip-safe
/home/setsuna/Documents/remote_bot_system/install/fishbot_description/lib/python3.8/site-packages/fishbot_description-0.0.0-py3.8.egg-info/requires.txt
/home/setsuna/Documents/remote_bot_system/install/fishbot_description/lib/python3.8/site-packages/fishbot_description-0.0.0-py3.8.egg-info/top_level.txt
/home/setsuna/Documents/remote_bot_system/install/fishbot_description/lib/python3.8/site-packages/fishbot_description-0.0.0-py3.8.egg-info/PKG-INFO
/home/setsuna/Documents/remote_bot_system/install/fishbot_description/lib/python3.8/site-packages/fishbot_description-0.0.0-py3.8.egg-info/dependency_links.txt
/home/setsuna/Documents/remote_bot_system/install/fishbot_description/lib/python3.8/site-packages/fishbot_description-0.0.0-py3.8.egg-info/entry_points.txt
/home/setsuna/Documents/remote_bot_system/install/fishbot_description/lib/fishbot_description/rotate_wheel
