[0.426s] DEBUG:colcon:Command line arguments: ['/usr/bin/colcon', 'build', '--packages-select', 'fishbot_description']
[0.426s] DEBUG:colcon:Parsed command line arguments: Namespace(allow_overriding=[], ament_cmake_args=None, base_paths=['.'], build_base='build', catkin_cmake_args=None, catkin_skip_building_tests=False, cmake_args=None, cmake_clean_cache=False, cmake_clean_first=False, cmake_force_configure=False, cmake_target=None, cmake_target_skip_unavailable=False, continue_on_error=False, event_handlers=None, executor='parallel', ignore_user_meta=False, install_base='install', log_base=None, log_level=None, main=<bound method BuildVerb.main of <colcon_core.verb.build.BuildVerb object at 0x7f1f0c3c57c0>>, merge_install=False, metas=['./colcon.meta'], packages_above=None, packages_above_and_dependencies=None, packages_above_depth=None, packages_end=None, packages_ignore=None, packages_ignore_regex=None, packages_select=['fishbot_description'], packages_select_build_failed=False, packages_select_by_dep=None, packages_select_regex=None, packages_select_test_failures=False, packages_skip=None, packages_skip_build_finished=False, packages_skip_by_dep=None, packages_skip_regex=None, packages_skip_test_passed=False, packages_skip_up_to=None, packages_start=None, packages_up_to=None, packages_up_to_regex=None, parallel_workers=4, paths=None, symlink_install=False, test_result_base=None, verb_extension=<colcon_core.verb.build.BuildVerb object at 0x7f1f0c3c57c0>, verb_name='build', verb_parser=<colcon_defaults.argument_parser.defaults.DefaultArgumentsDecorator object at 0x7f1f0c3c5d30>)
[0.492s] Level 1:colcon.colcon_core.package_discovery:discover_packages(colcon_meta) check parameters
[0.493s] Level 1:colcon.colcon_core.package_discovery:discover_packages(recursive) check parameters
[0.493s] Level 1:colcon.colcon_core.package_discovery:discover_packages(ignore) check parameters
[0.493s] Level 1:colcon.colcon_core.package_discovery:discover_packages(path) check parameters
[0.493s] Level 1:colcon.colcon_core.package_discovery:discover_packages(colcon_meta) discover
[0.493s] Level 1:colcon.colcon_core.package_discovery:discover_packages(recursive) discover
[0.493s] INFO:colcon.colcon_core.package_discovery:Crawling recursively for packages in '/home/setsuna/Documents/remote_bot_system'
[0.493s] Level 1:colcon.colcon_core.package_identification:_identify(.) by extensions ['ignore', 'ignore_ament_install']
[0.493s] Level 1:colcon.colcon_core.package_identification:_identify(.) by extension 'ignore'
[0.493s] Level 1:colcon.colcon_core.package_identification:_identify(.) by extension 'ignore_ament_install'
[0.493s] Level 1:colcon.colcon_core.package_identification:_identify(.) by extensions ['colcon_pkg']
[0.493s] Level 1:colcon.colcon_core.package_identification:_identify(.) by extension 'colcon_pkg'
[0.493s] Level 1:colcon.colcon_core.package_identification:_identify(.) by extensions ['colcon_meta']
[0.493s] Level 1:colcon.colcon_core.package_identification:_identify(.) by extension 'colcon_meta'
[0.493s] Level 1:colcon.colcon_core.package_identification:_identify(.) by extensions ['ros']
[0.493s] Level 1:colcon.colcon_core.package_identification:_identify(.) by extension 'ros'
[0.522s] Level 1:colcon.colcon_core.package_identification:_identify(.) by extensions ['cmake', 'python']
[0.522s] Level 1:colcon.colcon_core.package_identification:_identify(.) by extension 'cmake'
[0.522s] Level 1:colcon.colcon_core.package_identification:_identify(.) by extension 'python'
[0.522s] Level 1:colcon.colcon_core.package_identification:_identify(.) by extensions ['python_setup_py']
[0.522s] Level 1:colcon.colcon_core.package_identification:_identify(.) by extension 'python_setup_py'
[0.522s] Level 1:colcon.colcon_core.package_identification:_identify(build) by extensions ['ignore', 'ignore_ament_install']
[0.522s] Level 1:colcon.colcon_core.package_identification:_identify(build) by extension 'ignore'
[0.522s] Level 1:colcon.colcon_core.package_identification:_identify(build) ignored
[0.522s] Level 1:colcon.colcon_core.package_identification:_identify(gazebo_web) by extensions ['ignore', 'ignore_ament_install']
[0.523s] Level 1:colcon.colcon_core.package_identification:_identify(gazebo_web) by extension 'ignore'
[0.523s] Level 1:colcon.colcon_core.package_identification:_identify(gazebo_web) by extension 'ignore_ament_install'
[0.523s] Level 1:colcon.colcon_core.package_identification:_identify(gazebo_web) by extensions ['colcon_pkg']
[0.523s] Level 1:colcon.colcon_core.package_identification:_identify(gazebo_web) by extension 'colcon_pkg'
[0.523s] Level 1:colcon.colcon_core.package_identification:_identify(gazebo_web) by extensions ['colcon_meta']
[0.523s] Level 1:colcon.colcon_core.package_identification:_identify(gazebo_web) by extension 'colcon_meta'
[0.523s] Level 1:colcon.colcon_core.package_identification:_identify(gazebo_web) by extensions ['ros']
[0.523s] Level 1:colcon.colcon_core.package_identification:_identify(gazebo_web) by extension 'ros'
[0.523s] Level 1:colcon.colcon_core.package_identification:_identify(gazebo_web) by extensions ['cmake', 'python']
[0.523s] Level 1:colcon.colcon_core.package_identification:_identify(gazebo_web) by extension 'cmake'
[0.523s] Level 1:colcon.colcon_core.package_identification:_identify(gazebo_web) by extension 'python'
[0.523s] Level 1:colcon.colcon_core.package_identification:_identify(gazebo_web) by extensions ['python_setup_py']
[0.523s] Level 1:colcon.colcon_core.package_identification:_identify(gazebo_web) by extension 'python_setup_py'
[0.523s] Level 1:colcon.colcon_core.package_identification:_identify(gazebo_web/__pycache__) by extensions ['ignore', 'ignore_ament_install']
[0.523s] Level 1:colcon.colcon_core.package_identification:_identify(gazebo_web/__pycache__) by extension 'ignore'
[0.523s] Level 1:colcon.colcon_core.package_identification:_identify(gazebo_web/__pycache__) by extension 'ignore_ament_install'
[0.523s] Level 1:colcon.colcon_core.package_identification:_identify(gazebo_web/__pycache__) by extensions ['colcon_pkg']
[0.523s] Level 1:colcon.colcon_core.package_identification:_identify(gazebo_web/__pycache__) by extension 'colcon_pkg'
[0.523s] Level 1:colcon.colcon_core.package_identification:_identify(gazebo_web/__pycache__) by extensions ['colcon_meta']
[0.523s] Level 1:colcon.colcon_core.package_identification:_identify(gazebo_web/__pycache__) by extension 'colcon_meta'
[0.524s] Level 1:colcon.colcon_core.package_identification:_identify(gazebo_web/__pycache__) by extensions ['ros']
[0.524s] Level 1:colcon.colcon_core.package_identification:_identify(gazebo_web/__pycache__) by extension 'ros'
[0.524s] Level 1:colcon.colcon_core.package_identification:_identify(gazebo_web/__pycache__) by extensions ['cmake', 'python']
[0.524s] Level 1:colcon.colcon_core.package_identification:_identify(gazebo_web/__pycache__) by extension 'cmake'
[0.524s] Level 1:colcon.colcon_core.package_identification:_identify(gazebo_web/__pycache__) by extension 'python'
[0.524s] Level 1:colcon.colcon_core.package_identification:_identify(gazebo_web/__pycache__) by extensions ['python_setup_py']
[0.524s] Level 1:colcon.colcon_core.package_identification:_identify(gazebo_web/__pycache__) by extension 'python_setup_py'
[0.524s] Level 1:colcon.colcon_core.package_identification:_identify(install) by extensions ['ignore', 'ignore_ament_install']
[0.524s] Level 1:colcon.colcon_core.package_identification:_identify(install) by extension 'ignore'
[0.524s] Level 1:colcon.colcon_core.package_identification:_identify(install) ignored
[0.524s] Level 1:colcon.colcon_core.package_identification:_identify(log) by extensions ['ignore', 'ignore_ament_install']
[0.524s] Level 1:colcon.colcon_core.package_identification:_identify(log) by extension 'ignore'
[0.524s] Level 1:colcon.colcon_core.package_identification:_identify(log) ignored
[0.524s] Level 1:colcon.colcon_core.package_identification:_identify(mock_bot) by extensions ['ignore', 'ignore_ament_install']
[0.524s] Level 1:colcon.colcon_core.package_identification:_identify(mock_bot) by extension 'ignore'
[0.524s] Level 1:colcon.colcon_core.package_identification:_identify(mock_bot) by extension 'ignore_ament_install'
[0.524s] Level 1:colcon.colcon_core.package_identification:_identify(mock_bot) by extensions ['colcon_pkg']
[0.524s] Level 1:colcon.colcon_core.package_identification:_identify(mock_bot) by extension 'colcon_pkg'
[0.524s] Level 1:colcon.colcon_core.package_identification:_identify(mock_bot) by extensions ['colcon_meta']
[0.524s] Level 1:colcon.colcon_core.package_identification:_identify(mock_bot) by extension 'colcon_meta'
[0.524s] Level 1:colcon.colcon_core.package_identification:_identify(mock_bot) by extensions ['ros']
[0.524s] Level 1:colcon.colcon_core.package_identification:_identify(mock_bot) by extension 'ros'
[0.524s] Level 1:colcon.colcon_core.package_identification:_identify(mock_bot) by extensions ['cmake', 'python']
[0.525s] Level 1:colcon.colcon_core.package_identification:_identify(mock_bot) by extension 'cmake'
[0.525s] Level 1:colcon.colcon_core.package_identification:_identify(mock_bot) by extension 'python'
[0.525s] Level 1:colcon.colcon_core.package_identification:_identify(mock_bot) by extensions ['python_setup_py']
[0.525s] Level 1:colcon.colcon_core.package_identification:_identify(mock_bot) by extension 'python_setup_py'
[0.525s] Level 1:colcon.colcon_core.package_identification:_identify(mock_bot/build) by extensions ['ignore', 'ignore_ament_install']
[0.525s] Level 1:colcon.colcon_core.package_identification:_identify(mock_bot/build) by extension 'ignore'
[0.526s] Level 1:colcon.colcon_core.package_identification:_identify(mock_bot/build) ignored
[0.526s] Level 1:colcon.colcon_core.package_identification:_identify(mock_bot/fishbot_description) by extensions ['ignore', 'ignore_ament_install']
[0.526s] Level 1:colcon.colcon_core.package_identification:_identify(mock_bot/fishbot_description) by extension 'ignore'
[0.526s] Level 1:colcon.colcon_core.package_identification:_identify(mock_bot/fishbot_description) by extension 'ignore_ament_install'
[0.526s] Level 1:colcon.colcon_core.package_identification:_identify(mock_bot/fishbot_description) by extensions ['colcon_pkg']
[0.526s] Level 1:colcon.colcon_core.package_identification:_identify(mock_bot/fishbot_description) by extension 'colcon_pkg'
[0.526s] Level 1:colcon.colcon_core.package_identification:_identify(mock_bot/fishbot_description) by extensions ['colcon_meta']
[0.526s] Level 1:colcon.colcon_core.package_identification:_identify(mock_bot/fishbot_description) by extension 'colcon_meta'
[0.526s] Level 1:colcon.colcon_core.package_identification:_identify(mock_bot/fishbot_description) by extensions ['ros']
[0.526s] Level 1:colcon.colcon_core.package_identification:_identify(mock_bot/fishbot_description) by extension 'ros'
[0.531s] DEBUG:colcon.colcon_core.package_identification:Package 'mock_bot/fishbot_description' with type 'ros.ament_python' and name 'fishbot_description'
[0.531s] Level 1:colcon.colcon_core.package_identification:_identify(mock_bot/install) by extensions ['ignore', 'ignore_ament_install']
[0.532s] Level 1:colcon.colcon_core.package_identification:_identify(mock_bot/install) by extension 'ignore'
[0.532s] Level 1:colcon.colcon_core.package_identification:_identify(mock_bot/install) ignored
[0.532s] Level 1:colcon.colcon_core.package_identification:_identify(mock_bot/log) by extensions ['ignore', 'ignore_ament_install']
[0.532s] Level 1:colcon.colcon_core.package_identification:_identify(mock_bot/log) by extension 'ignore'
[0.532s] Level 1:colcon.colcon_core.package_identification:_identify(mock_bot/log) ignored
[0.532s] Level 1:colcon.colcon_core.package_identification:_identify(mock_bot/scripts) by extensions ['ignore', 'ignore_ament_install']
[0.532s] Level 1:colcon.colcon_core.package_identification:_identify(mock_bot/scripts) by extension 'ignore'
[0.532s] Level 1:colcon.colcon_core.package_identification:_identify(mock_bot/scripts) by extension 'ignore_ament_install'
[0.532s] Level 1:colcon.colcon_core.package_identification:_identify(mock_bot/scripts) by extensions ['colcon_pkg']
[0.532s] Level 1:colcon.colcon_core.package_identification:_identify(mock_bot/scripts) by extension 'colcon_pkg'
[0.532s] Level 1:colcon.colcon_core.package_identification:_identify(mock_bot/scripts) by extensions ['colcon_meta']
[0.532s] Level 1:colcon.colcon_core.package_identification:_identify(mock_bot/scripts) by extension 'colcon_meta'
[0.532s] Level 1:colcon.colcon_core.package_identification:_identify(mock_bot/scripts) by extensions ['ros']
[0.532s] Level 1:colcon.colcon_core.package_identification:_identify(mock_bot/scripts) by extension 'ros'
[0.532s] Level 1:colcon.colcon_core.package_identification:_identify(mock_bot/scripts) by extensions ['cmake', 'python']
[0.532s] Level 1:colcon.colcon_core.package_identification:_identify(mock_bot/scripts) by extension 'cmake'
[0.532s] Level 1:colcon.colcon_core.package_identification:_identify(mock_bot/scripts) by extension 'python'
[0.533s] Level 1:colcon.colcon_core.package_identification:_identify(mock_bot/scripts) by extensions ['python_setup_py']
[0.533s] Level 1:colcon.colcon_core.package_identification:_identify(mock_bot/scripts) by extension 'python_setup_py'
[0.533s] Level 1:colcon.colcon_core.package_identification:_identify(mock_bot/src) by extensions ['ignore', 'ignore_ament_install']
[0.533s] Level 1:colcon.colcon_core.package_identification:_identify(mock_bot/src) by extension 'ignore'
[0.533s] Level 1:colcon.colcon_core.package_identification:_identify(mock_bot/src) by extension 'ignore_ament_install'
[0.533s] Level 1:colcon.colcon_core.package_identification:_identify(mock_bot/src) by extensions ['colcon_pkg']
[0.533s] Level 1:colcon.colcon_core.package_identification:_identify(mock_bot/src) by extension 'colcon_pkg'
[0.533s] Level 1:colcon.colcon_core.package_identification:_identify(mock_bot/src) by extensions ['colcon_meta']
[0.533s] Level 1:colcon.colcon_core.package_identification:_identify(mock_bot/src) by extension 'colcon_meta'
[0.533s] Level 1:colcon.colcon_core.package_identification:_identify(mock_bot/src) by extensions ['ros']
[0.533s] Level 1:colcon.colcon_core.package_identification:_identify(mock_bot/src) by extension 'ros'
[0.533s] Level 1:colcon.colcon_core.package_identification:_identify(mock_bot/src) by extensions ['cmake', 'python']
[0.533s] Level 1:colcon.colcon_core.package_identification:_identify(mock_bot/src) by extension 'cmake'
[0.533s] Level 1:colcon.colcon_core.package_identification:_identify(mock_bot/src) by extension 'python'
[0.533s] Level 1:colcon.colcon_core.package_identification:_identify(mock_bot/src) by extensions ['python_setup_py']
[0.533s] Level 1:colcon.colcon_core.package_identification:_identify(mock_bot/src) by extension 'python_setup_py'
[0.533s] Level 1:colcon.colcon_core.package_identification:_identify(mock_bot/src/c) by extensions ['ignore', 'ignore_ament_install']
[0.533s] Level 1:colcon.colcon_core.package_identification:_identify(mock_bot/src/c) by extension 'ignore'
[0.533s] Level 1:colcon.colcon_core.package_identification:_identify(mock_bot/src/c) by extension 'ignore_ament_install'
[0.533s] Level 1:colcon.colcon_core.package_identification:_identify(mock_bot/src/c) by extensions ['colcon_pkg']
[0.533s] Level 1:colcon.colcon_core.package_identification:_identify(mock_bot/src/c) by extension 'colcon_pkg'
[0.533s] Level 1:colcon.colcon_core.package_identification:_identify(mock_bot/src/c) by extensions ['colcon_meta']
[0.533s] Level 1:colcon.colcon_core.package_identification:_identify(mock_bot/src/c) by extension 'colcon_meta'
[0.533s] Level 1:colcon.colcon_core.package_identification:_identify(mock_bot/src/c) by extensions ['ros']
[0.533s] Level 1:colcon.colcon_core.package_identification:_identify(mock_bot/src/c) by extension 'ros'
[0.534s] Level 1:colcon.colcon_core.package_identification:_identify(mock_bot/src/c) by extensions ['cmake', 'python']
[0.534s] Level 1:colcon.colcon_core.package_identification:_identify(mock_bot/src/c) by extension 'cmake'
[0.534s] Level 1:colcon.colcon_core.package_identification:_identify(mock_bot/src/c) by extension 'python'
[0.534s] Level 1:colcon.colcon_core.package_identification:_identify(mock_bot/src/c) by extensions ['python_setup_py']
[0.534s] Level 1:colcon.colcon_core.package_identification:_identify(mock_bot/src/c) by extension 'python_setup_py'
[0.534s] Level 1:colcon.colcon_core.package_identification:_identify(mock_bot/src/c/urdf) by extensions ['ignore', 'ignore_ament_install']
[0.534s] Level 1:colcon.colcon_core.package_identification:_identify(mock_bot/src/c/urdf) by extension 'ignore'
[0.534s] Level 1:colcon.colcon_core.package_identification:_identify(mock_bot/src/c/urdf) by extension 'ignore_ament_install'
[0.534s] Level 1:colcon.colcon_core.package_identification:_identify(mock_bot/src/c/urdf) by extensions ['colcon_pkg']
[0.534s] Level 1:colcon.colcon_core.package_identification:_identify(mock_bot/src/c/urdf) by extension 'colcon_pkg'
[0.534s] Level 1:colcon.colcon_core.package_identification:_identify(mock_bot/src/c/urdf) by extensions ['colcon_meta']
[0.534s] Level 1:colcon.colcon_core.package_identification:_identify(mock_bot/src/c/urdf) by extension 'colcon_meta'
[0.534s] Level 1:colcon.colcon_core.package_identification:_identify(mock_bot/src/c/urdf) by extensions ['ros']
[0.534s] Level 1:colcon.colcon_core.package_identification:_identify(mock_bot/src/c/urdf) by extension 'ros'
[0.534s] Level 1:colcon.colcon_core.package_identification:_identify(mock_bot/src/c/urdf) by extensions ['cmake', 'python']
[0.534s] Level 1:colcon.colcon_core.package_identification:_identify(mock_bot/src/c/urdf) by extension 'cmake'
[0.534s] Level 1:colcon.colcon_core.package_identification:_identify(mock_bot/src/c/urdf) by extension 'python'
[0.534s] Level 1:colcon.colcon_core.package_identification:_identify(mock_bot/src/c/urdf) by extensions ['python_setup_py']
[0.534s] Level 1:colcon.colcon_core.package_identification:_identify(mock_bot/src/c/urdf) by extension 'python_setup_py'
[0.535s] Level 1:colcon.colcon_core.package_identification:_identify(vscode_web) by extensions ['ignore', 'ignore_ament_install']
[0.535s] Level 1:colcon.colcon_core.package_identification:_identify(vscode_web) by extension 'ignore'
[0.535s] Level 1:colcon.colcon_core.package_identification:_identify(vscode_web) by extension 'ignore_ament_install'
[0.535s] Level 1:colcon.colcon_core.package_identification:_identify(vscode_web) by extensions ['colcon_pkg']
[0.535s] Level 1:colcon.colcon_core.package_identification:_identify(vscode_web) by extension 'colcon_pkg'
[0.535s] Level 1:colcon.colcon_core.package_identification:_identify(vscode_web) by extensions ['colcon_meta']
[0.535s] Level 1:colcon.colcon_core.package_identification:_identify(vscode_web) by extension 'colcon_meta'
[0.535s] Level 1:colcon.colcon_core.package_identification:_identify(vscode_web) by extensions ['ros']
[0.535s] Level 1:colcon.colcon_core.package_identification:_identify(vscode_web) by extension 'ros'
[0.535s] Level 1:colcon.colcon_core.package_identification:_identify(vscode_web) by extensions ['cmake', 'python']
[0.535s] Level 1:colcon.colcon_core.package_identification:_identify(vscode_web) by extension 'cmake'
[0.535s] Level 1:colcon.colcon_core.package_identification:_identify(vscode_web) by extension 'python'
[0.535s] Level 1:colcon.colcon_core.package_identification:_identify(vscode_web) by extensions ['python_setup_py']
[0.535s] Level 1:colcon.colcon_core.package_identification:_identify(vscode_web) by extension 'python_setup_py'
[0.535s] Level 1:colcon.colcon_core.package_identification:_identify(vscode_web/api) by extensions ['ignore', 'ignore_ament_install']
[0.535s] Level 1:colcon.colcon_core.package_identification:_identify(vscode_web/api) by extension 'ignore'
[0.535s] Level 1:colcon.colcon_core.package_identification:_identify(vscode_web/api) by extension 'ignore_ament_install'
[0.536s] Level 1:colcon.colcon_core.package_identification:_identify(vscode_web/api) by extensions ['colcon_pkg']
[0.536s] Level 1:colcon.colcon_core.package_identification:_identify(vscode_web/api) by extension 'colcon_pkg'
[0.536s] Level 1:colcon.colcon_core.package_identification:_identify(vscode_web/api) by extensions ['colcon_meta']
[0.536s] Level 1:colcon.colcon_core.package_identification:_identify(vscode_web/api) by extension 'colcon_meta'
[0.536s] Level 1:colcon.colcon_core.package_identification:_identify(vscode_web/api) by extensions ['ros']
[0.536s] Level 1:colcon.colcon_core.package_identification:_identify(vscode_web/api) by extension 'ros'
[0.536s] Level 1:colcon.colcon_core.package_identification:_identify(vscode_web/api) by extensions ['cmake', 'python']
[0.536s] Level 1:colcon.colcon_core.package_identification:_identify(vscode_web/api) by extension 'cmake'
[0.536s] Level 1:colcon.colcon_core.package_identification:_identify(vscode_web/api) by extension 'python'
[0.536s] Level 1:colcon.colcon_core.package_identification:_identify(vscode_web/api) by extensions ['python_setup_py']
[0.536s] Level 1:colcon.colcon_core.package_identification:_identify(vscode_web/api) by extension 'python_setup_py'
[0.536s] Level 1:colcon.colcon_core.package_identification:_identify(vscode_web/code_server) by extensions ['ignore', 'ignore_ament_install']
[0.536s] Level 1:colcon.colcon_core.package_identification:_identify(vscode_web/code_server) by extension 'ignore'
[0.536s] Level 1:colcon.colcon_core.package_identification:_identify(vscode_web/code_server) by extension 'ignore_ament_install'
[0.536s] Level 1:colcon.colcon_core.package_identification:_identify(vscode_web/code_server) by extensions ['colcon_pkg']
[0.536s] Level 1:colcon.colcon_core.package_identification:_identify(vscode_web/code_server) by extension 'colcon_pkg'
[0.536s] Level 1:colcon.colcon_core.package_identification:_identify(vscode_web/code_server) by extensions ['colcon_meta']
[0.536s] Level 1:colcon.colcon_core.package_identification:_identify(vscode_web/code_server) by extension 'colcon_meta'
[0.536s] Level 1:colcon.colcon_core.package_identification:_identify(vscode_web/code_server) by extensions ['ros']
[0.536s] Level 1:colcon.colcon_core.package_identification:_identify(vscode_web/code_server) by extension 'ros'
[0.536s] Level 1:colcon.colcon_core.package_identification:_identify(vscode_web/code_server) by extensions ['cmake', 'python']
[0.536s] Level 1:colcon.colcon_core.package_identification:_identify(vscode_web/code_server) by extension 'cmake'
[0.536s] Level 1:colcon.colcon_core.package_identification:_identify(vscode_web/code_server) by extension 'python'
[0.536s] Level 1:colcon.colcon_core.package_identification:_identify(vscode_web/code_server) by extensions ['python_setup_py']
[0.536s] Level 1:colcon.colcon_core.package_identification:_identify(vscode_web/code_server) by extension 'python_setup_py'
[0.536s] Level 1:colcon.colcon_core.package_identification:_identify(vscode_web/models) by extensions ['ignore', 'ignore_ament_install']
[0.537s] Level 1:colcon.colcon_core.package_identification:_identify(vscode_web/models) by extension 'ignore'
[0.537s] Level 1:colcon.colcon_core.package_identification:_identify(vscode_web/models) by extension 'ignore_ament_install'
[0.537s] Level 1:colcon.colcon_core.package_identification:_identify(vscode_web/models) by extensions ['colcon_pkg']
[0.537s] Level 1:colcon.colcon_core.package_identification:_identify(vscode_web/models) by extension 'colcon_pkg'
[0.537s] Level 1:colcon.colcon_core.package_identification:_identify(vscode_web/models) by extensions ['colcon_meta']
[0.537s] Level 1:colcon.colcon_core.package_identification:_identify(vscode_web/models) by extension 'colcon_meta'
[0.537s] Level 1:colcon.colcon_core.package_identification:_identify(vscode_web/models) by extensions ['ros']
[0.537s] Level 1:colcon.colcon_core.package_identification:_identify(vscode_web/models) by extension 'ros'
[0.537s] Level 1:colcon.colcon_core.package_identification:_identify(vscode_web/models) by extensions ['cmake', 'python']
[0.537s] Level 1:colcon.colcon_core.package_identification:_identify(vscode_web/models) by extension 'cmake'
[0.537s] Level 1:colcon.colcon_core.package_identification:_identify(vscode_web/models) by extension 'python'
[0.537s] Level 1:colcon.colcon_core.package_identification:_identify(vscode_web/models) by extensions ['python_setup_py']
[0.537s] Level 1:colcon.colcon_core.package_identification:_identify(vscode_web/models) by extension 'python_setup_py'
[0.537s] Level 1:colcon.colcon_core.package_identification:_identify(vscode_web/scripts) by extensions ['ignore', 'ignore_ament_install']
[0.537s] Level 1:colcon.colcon_core.package_identification:_identify(vscode_web/scripts) by extension 'ignore'
[0.537s] Level 1:colcon.colcon_core.package_identification:_identify(vscode_web/scripts) by extension 'ignore_ament_install'
[0.537s] Level 1:colcon.colcon_core.package_identification:_identify(vscode_web/scripts) by extensions ['colcon_pkg']
[0.537s] Level 1:colcon.colcon_core.package_identification:_identify(vscode_web/scripts) by extension 'colcon_pkg'
[0.537s] Level 1:colcon.colcon_core.package_identification:_identify(vscode_web/scripts) by extensions ['colcon_meta']
[0.537s] Level 1:colcon.colcon_core.package_identification:_identify(vscode_web/scripts) by extension 'colcon_meta'
[0.537s] Level 1:colcon.colcon_core.package_identification:_identify(vscode_web/scripts) by extensions ['ros']
[0.537s] Level 1:colcon.colcon_core.package_identification:_identify(vscode_web/scripts) by extension 'ros'
[0.537s] Level 1:colcon.colcon_core.package_identification:_identify(vscode_web/scripts) by extensions ['cmake', 'python']
[0.537s] Level 1:colcon.colcon_core.package_identification:_identify(vscode_web/scripts) by extension 'cmake'
[0.538s] Level 1:colcon.colcon_core.package_identification:_identify(vscode_web/scripts) by extension 'python'
[0.538s] Level 1:colcon.colcon_core.package_identification:_identify(vscode_web/scripts) by extensions ['python_setup_py']
[0.538s] Level 1:colcon.colcon_core.package_identification:_identify(vscode_web/scripts) by extension 'python_setup_py'
[0.538s] Level 1:colcon.colcon_core.package_identification:_identify(vscode_web/test) by extensions ['ignore', 'ignore_ament_install']
[0.538s] Level 1:colcon.colcon_core.package_identification:_identify(vscode_web/test) by extension 'ignore'
[0.538s] Level 1:colcon.colcon_core.package_identification:_identify(vscode_web/test) by extension 'ignore_ament_install'
[0.538s] Level 1:colcon.colcon_core.package_identification:_identify(vscode_web/test) by extensions ['colcon_pkg']
[0.538s] Level 1:colcon.colcon_core.package_identification:_identify(vscode_web/test) by extension 'colcon_pkg'
[0.538s] Level 1:colcon.colcon_core.package_identification:_identify(vscode_web/test) by extensions ['colcon_meta']
[0.538s] Level 1:colcon.colcon_core.package_identification:_identify(vscode_web/test) by extension 'colcon_meta'
[0.538s] Level 1:colcon.colcon_core.package_identification:_identify(vscode_web/test) by extensions ['ros']
[0.538s] Level 1:colcon.colcon_core.package_identification:_identify(vscode_web/test) by extension 'ros'
[0.538s] Level 1:colcon.colcon_core.package_identification:_identify(vscode_web/test) by extensions ['cmake', 'python']
[0.538s] Level 1:colcon.colcon_core.package_identification:_identify(vscode_web/test) by extension 'cmake'
[0.538s] Level 1:colcon.colcon_core.package_identification:_identify(vscode_web/test) by extension 'python'
[0.538s] Level 1:colcon.colcon_core.package_identification:_identify(vscode_web/test) by extensions ['python_setup_py']
[0.538s] Level 1:colcon.colcon_core.package_identification:_identify(vscode_web/test) by extension 'python_setup_py'
[0.538s] Level 1:colcon.colcon_core.package_discovery:discover_packages(recursive) using defaults
[0.538s] Level 1:colcon.colcon_core.package_discovery:discover_packages(ignore) discover
[0.538s] Level 1:colcon.colcon_core.package_discovery:discover_packages(ignore) using defaults
[0.538s] Level 1:colcon.colcon_core.package_discovery:discover_packages(path) discover
[0.538s] Level 1:colcon.colcon_core.package_discovery:discover_packages(path) using defaults
[0.580s] Level 1:colcon.colcon_core.package_discovery:discover_packages(prefix_path) check parameters
[0.580s] Level 1:colcon.colcon_core.package_discovery:discover_packages(prefix_path) discover
[0.594s] DEBUG:colcon.colcon_installed_package_information.package_discovery:Found 317 installed packages in /opt/ros/galactic
[0.596s] Level 1:colcon.colcon_core.package_discovery:discover_packages(prefix_path) using defaults
[0.880s] Level 5:colcon.colcon_core.verb:set package 'fishbot_description' build argument 'cmake_args' from command line to 'None'
[0.880s] Level 5:colcon.colcon_core.verb:set package 'fishbot_description' build argument 'cmake_target' from command line to 'None'
[0.880s] Level 5:colcon.colcon_core.verb:set package 'fishbot_description' build argument 'cmake_target_skip_unavailable' from command line to 'False'
[0.880s] Level 5:colcon.colcon_core.verb:set package 'fishbot_description' build argument 'cmake_clean_cache' from command line to 'False'
[0.880s] Level 5:colcon.colcon_core.verb:set package 'fishbot_description' build argument 'cmake_clean_first' from command line to 'False'
[0.880s] Level 5:colcon.colcon_core.verb:set package 'fishbot_description' build argument 'cmake_force_configure' from command line to 'False'
[0.880s] Level 5:colcon.colcon_core.verb:set package 'fishbot_description' build argument 'ament_cmake_args' from command line to 'None'
[0.880s] Level 5:colcon.colcon_core.verb:set package 'fishbot_description' build argument 'catkin_cmake_args' from command line to 'None'
[0.880s] Level 5:colcon.colcon_core.verb:set package 'fishbot_description' build argument 'catkin_skip_building_tests' from command line to 'False'
[0.880s] DEBUG:colcon.colcon_core.verb:Building package 'fishbot_description' with the following arguments: {'ament_cmake_args': None, 'build_base': '/home/setsuna/Documents/remote_bot_system/build/fishbot_description', 'catkin_cmake_args': None, 'catkin_skip_building_tests': False, 'cmake_args': None, 'cmake_clean_cache': False, 'cmake_clean_first': False, 'cmake_force_configure': False, 'cmake_target': None, 'cmake_target_skip_unavailable': False, 'install_base': '/home/setsuna/Documents/remote_bot_system/install/fishbot_description', 'merge_install': False, 'path': '/home/setsuna/Documents/remote_bot_system/mock_bot/fishbot_description', 'symlink_install': False, 'test_result_base': None}
[0.881s] INFO:colcon.colcon_core.executor:Executing jobs using 'parallel' executor
[0.886s] DEBUG:colcon.colcon_parallel_executor.executor.parallel:run_until_complete
[0.886s] INFO:colcon.colcon_ros.task.ament_python.build:Building ROS package in '/home/setsuna/Documents/remote_bot_system/mock_bot/fishbot_description' with build type 'ament_python'
[0.886s] Level 1:colcon.colcon_core.shell:create_environment_hook('fishbot_description', 'ament_prefix_path')
[0.900s] INFO:colcon.colcon_core.plugin_system:Skipping extension 'colcon_core.shell.bat': Not used on non-Windows systems
[0.900s] INFO:colcon.colcon_core.shell:Creating environment hook '/home/setsuna/Documents/remote_bot_system/install/fishbot_description/share/fishbot_description/hook/ament_prefix_path.ps1'
[0.903s] INFO:colcon.colcon_core.shell:Creating environment descriptor '/home/setsuna/Documents/remote_bot_system/install/fishbot_description/share/fishbot_description/hook/ament_prefix_path.dsv'
[0.904s] INFO:colcon.colcon_core.shell:Creating environment hook '/home/setsuna/Documents/remote_bot_system/install/fishbot_description/share/fishbot_description/hook/ament_prefix_path.sh'
[0.907s] INFO:colcon.colcon_core.shell:Skip shell extension 'powershell' for command environment: Not usable outside of PowerShell
[0.908s] DEBUG:colcon.colcon_core.shell:Skip shell extension 'dsv' for command environment
[1.207s] INFO:colcon.colcon_core.task.python.build:Building Python package in '/home/setsuna/Documents/remote_bot_system/mock_bot/fishbot_description'
[1.208s] INFO:colcon.colcon_core.shell:Skip shell extension 'powershell' for command environment: Not usable outside of PowerShell
[1.208s] DEBUG:colcon.colcon_core.shell:Skip shell extension 'dsv' for command environment
[2.188s] DEBUG:colcon.colcon_core.event_handler.log_command:Invoking command in '/home/setsuna/Documents/remote_bot_system/mock_bot/fishbot_description': PYTHONPATH=/home/setsuna/Documents/remote_bot_system/build/fishbot_description/prefix_override:/home/setsuna/Documents/remote_bot_system/install/fishbot_description/lib/python3.8/site-packages:${PYTHONPATH} /usr/bin/python3 setup.py egg_info --egg-base ../../build/fishbot_description build --build-base /home/setsuna/Documents/remote_bot_system/build/fishbot_description/build install --record /home/setsuna/Documents/remote_bot_system/build/fishbot_description/install.log --single-version-externally-managed
[2.547s] DEBUG:colcon.colcon_core.event_handler.log_command:Invoked command in '/home/setsuna/Documents/remote_bot_system/mock_bot/fishbot_description' returned '0': PYTHONPATH=/home/setsuna/Documents/remote_bot_system/build/fishbot_description/prefix_override:/home/setsuna/Documents/remote_bot_system/install/fishbot_description/lib/python3.8/site-packages:${PYTHONPATH} /usr/bin/python3 setup.py egg_info --egg-base ../../build/fishbot_description build --build-base /home/setsuna/Documents/remote_bot_system/build/fishbot_description/build install --record /home/setsuna/Documents/remote_bot_system/build/fishbot_description/install.log --single-version-externally-managed
[2.567s] Level 1:colcon.colcon_core.environment:checking '/home/setsuna/Documents/remote_bot_system/install/fishbot_description' for CMake module files
[2.569s] Level 1:colcon.colcon_core.environment:checking '/home/setsuna/Documents/remote_bot_system/install/fishbot_description' for CMake config files
[2.570s] Level 1:colcon.colcon_core.environment:checking '/home/setsuna/Documents/remote_bot_system/install/fishbot_description/lib'
[2.570s] Level 1:colcon.colcon_core.environment:checking '/home/setsuna/Documents/remote_bot_system/install/fishbot_description/bin'
[2.571s] Level 1:colcon.colcon_core.environment:checking '/home/setsuna/Documents/remote_bot_system/install/fishbot_description/lib/pkgconfig/fishbot_description.pc'
[2.571s] Level 1:colcon.colcon_core.environment:checking '/home/setsuna/Documents/remote_bot_system/install/fishbot_description/lib/python3.8/site-packages'
[2.571s] Level 1:colcon.colcon_core.shell:create_environment_hook('fishbot_description', 'pythonpath')
[2.573s] INFO:colcon.colcon_core.shell:Creating environment hook '/home/setsuna/Documents/remote_bot_system/install/fishbot_description/share/fishbot_description/hook/pythonpath.ps1'
[2.574s] INFO:colcon.colcon_core.shell:Creating environment descriptor '/home/setsuna/Documents/remote_bot_system/install/fishbot_description/share/fishbot_description/hook/pythonpath.dsv'
[2.574s] INFO:colcon.colcon_core.shell:Creating environment hook '/home/setsuna/Documents/remote_bot_system/install/fishbot_description/share/fishbot_description/hook/pythonpath.sh'
[2.575s] Level 1:colcon.colcon_core.environment:checking '/home/setsuna/Documents/remote_bot_system/install/fishbot_description/bin'
[2.575s] Level 1:colcon.colcon_core.environment:create_environment_scripts_only(fishbot_description)
[2.576s] INFO:colcon.colcon_core.shell:Creating package script '/home/setsuna/Documents/remote_bot_system/install/fishbot_description/share/fishbot_description/package.ps1'
[2.578s] INFO:colcon.colcon_core.shell:Creating package descriptor '/home/setsuna/Documents/remote_bot_system/install/fishbot_description/share/fishbot_description/package.dsv'
[2.579s] INFO:colcon.colcon_core.shell:Creating package script '/home/setsuna/Documents/remote_bot_system/install/fishbot_description/share/fishbot_description/package.sh'
[2.580s] INFO:colcon.colcon_core.shell:Creating package script '/home/setsuna/Documents/remote_bot_system/install/fishbot_description/share/fishbot_description/package.bash'
[2.582s] INFO:colcon.colcon_core.shell:Creating package script '/home/setsuna/Documents/remote_bot_system/install/fishbot_description/share/fishbot_description/package.zsh'
[2.584s] Level 1:colcon.colcon_core.environment:create_file_with_runtime_dependencies(/home/setsuna/Documents/remote_bot_system/install/fishbot_description/share/colcon-core/packages/fishbot_description)
[2.586s] DEBUG:colcon.colcon_parallel_executor.executor.parallel:closing loop
[2.586s] DEBUG:colcon.colcon_parallel_executor.executor.parallel:loop closed
[2.587s] DEBUG:colcon.colcon_parallel_executor.executor.parallel:run_until_complete finished with '0'
[2.587s] DEBUG:colcon.colcon_core.event_reactor:joining thread
[2.605s] INFO:colcon.colcon_core.plugin_system:Skipping extension 'colcon_notification.desktop_notification.terminal_notifier': Not used on non-Darwin systems
[2.605s] INFO:colcon.colcon_core.plugin_system:Skipping extension 'colcon_notification.desktop_notification.win32': Not used on non-Windows systems
[2.605s] INFO:colcon.colcon_notification.desktop_notification:Sending desktop notification using 'notify2'
[2.888s] DEBUG:colcon.colcon_core.event_reactor:joined thread
[2.889s] INFO:colcon.colcon_core.shell:Creating prefix script '/home/setsuna/Documents/remote_bot_system/install/local_setup.ps1'
[2.891s] INFO:colcon.colcon_core.shell:Creating prefix util module '/home/setsuna/Documents/remote_bot_system/install/_local_setup_util_ps1.py'
[2.892s] INFO:colcon.colcon_core.shell:Creating prefix chain script '/home/setsuna/Documents/remote_bot_system/install/setup.ps1'
[2.894s] INFO:colcon.colcon_core.shell:Creating prefix script '/home/setsuna/Documents/remote_bot_system/install/local_setup.sh'
[2.895s] INFO:colcon.colcon_core.shell:Creating prefix util module '/home/setsuna/Documents/remote_bot_system/install/_local_setup_util_sh.py'
[2.895s] INFO:colcon.colcon_core.shell:Creating prefix chain script '/home/setsuna/Documents/remote_bot_system/install/setup.sh'
[2.897s] INFO:colcon.colcon_core.shell:Creating prefix script '/home/setsuna/Documents/remote_bot_system/install/local_setup.bash'
[2.898s] INFO:colcon.colcon_core.shell:Creating prefix chain script '/home/setsuna/Documents/remote_bot_system/install/setup.bash'
[2.900s] INFO:colcon.colcon_core.shell:Creating prefix script '/home/setsuna/Documents/remote_bot_system/install/local_setup.zsh'
[2.901s] INFO:colcon.colcon_core.shell:Creating prefix chain script '/home/setsuna/Documents/remote_bot_system/install/setup.zsh'
