[1.301s] Invoking command in '/home/setsuna/Documents/remote_bot_system/mock_bot/fishbot_description': PYTHONPATH=/home/setsuna/Documents/remote_bot_system/build/fishbot_description/prefix_override:/home/setsuna/Documents/remote_bot_system/install/fishbot_description/lib/python3.8/site-packages:${PYTHONPATH} /usr/bin/python3 setup.py egg_info --egg-base ../../build/fishbot_description build --build-base /home/setsuna/Documents/remote_bot_system/build/fishbot_description/build install --record /home/setsuna/Documents/remote_bot_system/build/fishbot_description/install.log --single-version-externally-managed
[1.526s] running egg_info
[1.526s] creating ../../build/fishbot_description/fishbot_description.egg-info
[1.529s] writing ../../build/fishbot_description/fishbot_description.egg-info/PKG-INFO
[1.529s] writing dependency_links to ../../build/fishbot_description/fishbot_description.egg-info/dependency_links.txt
[1.530s] writing entry points to ../../build/fishbot_description/fishbot_description.egg-info/entry_points.txt
[1.530s] writing requirements to ../../build/fishbot_description/fishbot_description.egg-info/requires.txt
[1.531s] writing top-level names to ../../build/fishbot_description/fishbot_description.egg-info/top_level.txt
[1.534s] writing manifest file '../../build/fishbot_description/fishbot_description.egg-info/SOURCES.txt'
[1.569s] reading manifest file '../../build/fishbot_description/fishbot_description.egg-info/SOURCES.txt'
[1.571s] writing manifest file '../../build/fishbot_description/fishbot_description.egg-info/SOURCES.txt'
[1.572s] running build
[1.572s] running build_py
[1.572s] creating /home/setsuna/Documents/remote_bot_system/build/fishbot_description/build
[1.573s] creating /home/setsuna/Documents/remote_bot_system/build/fishbot_description/build/lib
[1.573s] creating /home/setsuna/Documents/remote_bot_system/build/fishbot_description/build/lib/fishbot_description
[1.574s] copying fishbot_description/rotate_wheel.py -> /home/setsuna/Documents/remote_bot_system/build/fishbot_description/build/lib/fishbot_description
[1.574s] copying fishbot_description/__init__.py -> /home/setsuna/Documents/remote_bot_system/build/fishbot_description/build/lib/fishbot_description
[1.575s] copying fishbot_description/state_sync.py -> /home/setsuna/Documents/remote_bot_system/build/fishbot_description/build/lib/fishbot_description
[1.576s] running install
[1.577s] running install_lib
[1.579s] creating /home/setsuna/Documents/remote_bot_system/install/fishbot_description/lib/python3.8/site-packages/fishbot_description
[1.580s] copying /home/setsuna/Documents/remote_bot_system/build/fishbot_description/build/lib/fishbot_description/rotate_wheel.py -> /home/setsuna/Documents/remote_bot_system/install/fishbot_description/lib/python3.8/site-packages/fishbot_description
[1.581s] copying /home/setsuna/Documents/remote_bot_system/build/fishbot_description/build/lib/fishbot_description/__init__.py -> /home/setsuna/Documents/remote_bot_system/install/fishbot_description/lib/python3.8/site-packages/fishbot_description
[1.581s] copying /home/setsuna/Documents/remote_bot_system/build/fishbot_description/build/lib/fishbot_description/state_sync.py -> /home/setsuna/Documents/remote_bot_system/install/fishbot_description/lib/python3.8/site-packages/fishbot_description
[1.582s] byte-compiling /home/setsuna/Documents/remote_bot_system/install/fishbot_description/lib/python3.8/site-packages/fishbot_description/rotate_wheel.py to rotate_wheel.cpython-38.pyc
[1.585s] byte-compiling /home/setsuna/Documents/remote_bot_system/install/fishbot_description/lib/python3.8/site-packages/fishbot_description/__init__.py to __init__.cpython-38.pyc
[1.586s] byte-compiling /home/setsuna/Documents/remote_bot_system/install/fishbot_description/lib/python3.8/site-packages/fishbot_description/state_sync.py to state_sync.cpython-38.pyc
[1.586s] running install_data
[1.587s] creating /home/setsuna/Documents/remote_bot_system/install/fishbot_description/share/ament_index
[1.587s] creating /home/setsuna/Documents/remote_bot_system/install/fishbot_description/share/ament_index/resource_index
[1.588s] creating /home/setsuna/Documents/remote_bot_system/install/fishbot_description/share/ament_index/resource_index/packages
[1.588s] copying resource/fishbot_description -> /home/setsuna/Documents/remote_bot_system/install/fishbot_description/share/ament_index/resource_index/packages
[1.588s] copying package.xml -> /home/setsuna/Documents/remote_bot_system/install/fishbot_description/share/fishbot_description
[1.589s] creating /home/setsuna/Documents/remote_bot_system/install/fishbot_description/share/fishbot_description/launch
[1.589s] copying launch/mock_bot.launch.py -> /home/setsuna/Documents/remote_bot_system/install/fishbot_description/share/fishbot_description/launch
[1.589s] copying launch/gazebo.launch.py -> /home/setsuna/Documents/remote_bot_system/install/fishbot_description/share/fishbot_description/launch
[1.590s] copying launch/display_rviz2.launch.py -> /home/setsuna/Documents/remote_bot_system/install/fishbot_description/share/fishbot_description/launch
[1.590s] creating /home/setsuna/Documents/remote_bot_system/install/fishbot_description/share/fishbot_description/urdf
[1.591s] copying urdf/fishbot_gazebo.urdf -> /home/setsuna/Documents/remote_bot_system/install/fishbot_description/share/fishbot_description/urdf
[1.592s] copying urdf/fishbot_base.urdf -> /home/setsuna/Documents/remote_bot_system/install/fishbot_description/share/fishbot_description/urdf
[1.593s] creating /home/setsuna/Documents/remote_bot_system/install/fishbot_description/share/fishbot_description/world
[1.594s] copying world/test_site.world -> /home/setsuna/Documents/remote_bot_system/install/fishbot_description/share/fishbot_description/world
[1.594s] running install_egg_info
[1.598s] Copying ../../build/fishbot_description/fishbot_description.egg-info to /home/setsuna/Documents/remote_bot_system/install/fishbot_description/lib/python3.8/site-packages/fishbot_description-0.0.0-py3.8.egg-info
[1.601s] running install_scripts
[1.625s] Installing rotate_wheel script to /home/setsuna/Documents/remote_bot_system/install/fishbot_description/lib/fishbot_description
[1.627s] writing list of installed files to '/home/setsuna/Documents/remote_bot_system/build/fishbot_description/install.log'
[1.659s] Invoked command in '/home/setsuna/Documents/remote_bot_system/mock_bot/fishbot_description' returned '0': PYTHONPATH=/home/setsuna/Documents/remote_bot_system/build/fishbot_description/prefix_override:/home/setsuna/Documents/remote_bot_system/install/fishbot_description/lib/python3.8/site-packages:${PYTHONPATH} /usr/bin/python3 setup.py egg_info --egg-base ../../build/fishbot_description build --build-base /home/setsuna/Documents/remote_bot_system/build/fishbot_description/build install --record /home/setsuna/Documents/remote_bot_system/build/fishbot_description/install.log --single-version-externally-managed
